#
# There is insufficient memory for the Java Runtime Environment to continue.
# Native memory allocation (malloc) failed to allocate 1177456 bytes. Error detail: Chunk::new
# Possible reasons:
#   The system is out of physical RAM or swap space
#   This process is running with CompressedOops enabled, and the Java Heap may be blocking the growth of the native heap
# Possible solutions:
#   Reduce memory load on the system
#   Increase physical memory or swap space
#   Check if swap backing store is full
#   Decrease Java heap size (-Xmx/-Xms)
#   Decrease number of Java threads
#   Decrease Java thread stack sizes (-Xss)
#   Set larger code cache with -XX:ReservedCodeCacheSize=
#   JVM is running with Unscaled Compressed Oops mode in which the Java heap is
#     placed in the first 4GB address space. The Java Heap base address is the
#     maximum limit for the native heap growth. Please use -XX:HeapBaseMinAddress
#     to set the Java Heap base and to place the Java Heap above 4GB virtual address.
# This output file may be truncated or incomplete.
#
#  Out of Memory Error (arena.cpp:191), pid=58928, tid=50372
#
# JRE version: OpenJDK Runtime Environment Temurin-17.0.13+11 (17.0.13+11) (build 17.0.13+11)
# Java VM: OpenJDK 64-Bit Server VM Temurin-17.0.13+11 (17.0.13+11, mixed mode, sharing, tiered, compressed oops, compressed class ptrs, g1 gc, windows-amd64)
# No core dump will be written. Minidumps are not enabled by default on client versions of Windows
#

---------------  S U M M A R Y ------------

Command Line: -Dcom.sun.management.jmxremote -Dcom.sun.management.jmxremote.port=63492 -Dcom.sun.management.jmxremote.authenticate=false -Dcom.sun.management.jmxremote.ssl=false -Dspring.jmx.enabled=true -Djava.rmi.server.hostname=localhost -Dspring.application.admin.enabled=true -Dspring.boot.project.name=oxefood-api-lucas -XX:+ShowCodeDetailsInExceptionMessages br.com.ifpe.oxefood.OxefoodApiLucasApplication

Host: Intel(R) Core(TM) i5-10210U CPU @ 1.60GHz, 8 cores, 7G,  Windows 11 , 64 bit Build 22621 (10.0.22621.3958)
Time: Sun Nov 10 00:21:09 2024 Hora oficial do Brasil elapsed time: 32.429658 seconds (0d 0h 0m 32s)

---------------  T H R E A D  ---------------

Current thread (0x00000220c7e285e0):  JavaThread "C2 CompilerThread0" daemon [_thread_in_native, id=50372, stack(0x0000005914600000,0x0000005914700000)]


Current CompileTask:
C2:  32429 4718       4       java.net.URLStreamHandler::parseURL (1201 bytes)

Stack: [0x0000005914600000,0x0000005914700000]
Native frames: (J=compiled Java code, j=interpreted, Vv=VM code, C=native code)
V  [jvm.dll+0x682a19]
V  [jvm.dll+0x839538]
V  [jvm.dll+0x83afe3]
V  [jvm.dll+0x83b653]
V  [jvm.dll+0x24704f]
V  [jvm.dll+0xace34]
V  [jvm.dll+0xad4cc]
V  [jvm.dll+0x36597e]
V  [jvm.dll+0x1ba989]
V  [jvm.dll+0x2181a7]
V  [jvm.dll+0x21748f]
V  [jvm.dll+0x1a3070]
V  [jvm.dll+0x22788c]
V  [jvm.dll+0x2259eb]
V  [jvm.dll+0x7eec98]
V  [jvm.dll+0x7e8ffc]
V  [jvm.dll+0x6818f7]
C  [ucrtbase.dll+0x29333]
C  [KERNEL32.DLL+0x1257d]
C  [ntdll.dll+0x5af28]


---------------  P R O C E S S  ---------------

Threads class SMR info:
_java_thread_list=0x000002210d42e600, length=23, elements={
0x00000220a9b205e0, 0x00000220c7e090d0, 0x00000220c7e09f50, 0x00000220c7e22b80,
0x00000220c7e26570, 0x00000220c7e26f30, 0x00000220c7e278f0, 0x00000220c7e285e0,
0x00000220c7e2b0a0, 0x00000220c7e61900, 0x000002210d082180, 0x000002210d148ef0,
0x000002210d71a450, 0x000002210d721a10, 0x000002210d70c5f0, 0x000002210d96c070,
0x000002210d96c960, 0x000002210eb87180, 0x000002210eb843f0, 0x000002210eb86760,
0x000002210eb85d40, 0x000002210eb84900, 0x000002210eb86c70
}

Java Threads: ( => current thread )
  0x00000220a9b205e0 JavaThread "main" [_thread_blocked, id=52348, stack(0x0000005913900000,0x0000005913a00000)]
  0x00000220c7e090d0 JavaThread "Reference Handler" daemon [_thread_blocked, id=14568, stack(0x0000005914000000,0x0000005914100000)]
  0x00000220c7e09f50 JavaThread "Finalizer" daemon [_thread_blocked, id=14772, stack(0x0000005914100000,0x0000005914200000)]
  0x00000220c7e22b80 JavaThread "Signal Dispatcher" daemon [_thread_blocked, id=53412, stack(0x0000005914200000,0x0000005914300000)]
  0x00000220c7e26570 JavaThread "Attach Listener" daemon [_thread_blocked, id=53632, stack(0x0000005914300000,0x0000005914400000)]
  0x00000220c7e26f30 JavaThread "Service Thread" daemon [_thread_blocked, id=51408, stack(0x0000005914400000,0x0000005914500000)]
  0x00000220c7e278f0 JavaThread "Monitor Deflation Thread" daemon [_thread_blocked, id=13008, stack(0x0000005914500000,0x0000005914600000)]
=>0x00000220c7e285e0 JavaThread "C2 CompilerThread0" daemon [_thread_in_native, id=50372, stack(0x0000005914600000,0x0000005914700000)]
  0x00000220c7e2b0a0 JavaThread "C1 CompilerThread0" daemon [_thread_in_vm, id=53820, stack(0x0000005914700000,0x0000005914800000)]
  0x00000220c7e61900 JavaThread "Sweeper thread" daemon [_thread_blocked, id=48812, stack(0x0000005914800000,0x0000005914900000)]
  0x000002210d082180 JavaThread "Common-Cleaner" daemon [_thread_blocked, id=57484, stack(0x0000005914900000,0x0000005914a00000)]
  0x000002210d148ef0 JavaThread "Notification Thread" daemon [_thread_blocked, id=56656, stack(0x0000005914a00000,0x0000005914b00000)]
  0x000002210d71a450 JavaThread "RMI TCP Accept-0" daemon [_thread_in_native, id=46356, stack(0x0000005914b00000,0x0000005914c00000)]
  0x000002210d721a10 JavaThread "RMI TCP Accept-63492" daemon [_thread_in_native, id=58576, stack(0x0000005914c00000,0x0000005914d00000)]
  0x000002210d70c5f0 JavaThread "RMI TCP Accept-0" daemon [_thread_in_native, id=57216, stack(0x0000005914d00000,0x0000005914e00000)]
  0x000002210d96c070 JavaThread "Thread-0" [_thread_blocked, id=55220, stack(0x0000005915700000,0x0000005915800000)]
  0x000002210d96c960 JavaThread "restartedMain" [_thread_in_vm, id=11052, stack(0x0000005915800000,0x0000005915900000)]
  0x000002210eb87180 JavaThread "PostgreSQL-JDBC-Cleaner" daemon [_thread_blocked, id=54024, stack(0x0000005915a00000,0x0000005915b00000)]
  0x000002210eb843f0 JavaThread "HikariPool-1 housekeeper" daemon [_thread_blocked, id=59840, stack(0x0000005915c00000,0x0000005915d00000)]
  0x000002210eb86760 JavaThread "HikariPool-1 connection adder" daemon [_thread_in_native, id=51528, stack(0x0000005915d00000,0x0000005915e00000)]
  0x000002210eb85d40 JavaThread "Catalina-utility-1" [_thread_blocked, id=57940, stack(0x0000005915e00000,0x0000005915f00000)]
  0x000002210eb84900 JavaThread "Catalina-utility-2" [_thread_in_vm, id=14728, stack(0x0000005915f00000,0x0000005916000000)]
  0x000002210eb86c70 JavaThread "container-0" [_thread_blocked, id=51216, stack(0x0000005916000000,0x0000005916100000)]

Other Threads:
  0x00000220c7e035f0 VMThread "VM Thread" [stack: 0x0000005913f00000,0x0000005914000000] [id=18632]
  0x00000220a9b21480 WatcherThread [stack: 0x0000005914e00000,0x0000005914f00000] [id=4160]
  0x00000220a9b81b90 GCTaskThread "GC Thread#0" [stack: 0x0000005913a00000,0x0000005913b00000] [id=39872]
  0x000002210e2162c0 GCTaskThread "GC Thread#1" [stack: 0x0000005914f00000,0x0000005915000000] [id=46216]
  0x000002210e216580 GCTaskThread "GC Thread#2" [stack: 0x0000005915000000,0x0000005915100000] [id=41988]
  0x000002210e27f6d0 GCTaskThread "GC Thread#3" [stack: 0x0000005915100000,0x0000005915200000] [id=60800]
  0x000002210e27f990 GCTaskThread "GC Thread#4" [stack: 0x0000005915200000,0x0000005915300000] [id=48676]
  0x000002210e2c38d0 GCTaskThread "GC Thread#5" [stack: 0x0000005915300000,0x0000005915400000] [id=29904]
  0x000002210e2c3b90 GCTaskThread "GC Thread#6" [stack: 0x0000005915400000,0x0000005915500000] [id=51984]
  0x000002210e2c3e50 GCTaskThread "GC Thread#7" [stack: 0x0000005915500000,0x0000005915600000] [id=18456]
  0x00000220a9b92560 ConcurrentGCThread "G1 Main Marker" [stack: 0x0000005913b00000,0x0000005913c00000] [id=4964]
  0x00000220a9b92f80 ConcurrentGCThread "G1 Conc#0" [stack: 0x0000005913c00000,0x0000005913d00000] [id=61148]
  0x000002210e666440 ConcurrentGCThread "G1 Conc#1" [stack: 0x0000005915b00000,0x0000005915c00000] [id=46124]
  0x00000220a9bbeb90 ConcurrentGCThread "G1 Refine#0" [stack: 0x0000005913d00000,0x0000005913e00000] [id=52476]
  0x000002210db0abd0 ConcurrentGCThread "G1 Refine#1" [stack: 0x0000005915600000,0x0000005915700000] [id=60288]
  0x00000220c7cbc770 ConcurrentGCThread "G1 Service" [stack: 0x0000005913e00000,0x0000005913f00000] [id=60056]

Threads with active compile tasks:
C2 CompilerThread0    32516 4718       4       java.net.URLStreamHandler::parseURL (1201 bytes)

VM state: not at safepoint (normal execution)

VM Mutex/Monitor currently owned by a thread: None

Heap address: 0x0000000082c00000, size: 2004 MB, Compressed Oops mode: 32-bit

CDS archive(s) mapped at: [0x00000220c8000000-0x00000220c8bb0000-0x00000220c8bb0000), size 12255232, SharedBaseAddress: 0x00000220c8000000, ArchiveRelocationMode: 1.
Compressed class space mapped at: 0x00000220c9000000-0x0000022109000000, reserved size: 1073741824
Narrow klass base: 0x00000220c8000000, Narrow klass shift: 0, Narrow klass range: 0x100000000

GC Precious Log:
 CPUs: 8 total, 8 available
 Memory: 8013M
 Large Page Support: Disabled
 NUMA Support: Disabled
 Compressed Oops: Enabled (32-bit)
 Heap Region Size: 1M
 Heap Min Capacity: 8M
 Heap Initial Capacity: 126M
 Heap Max Capacity: 2004M
 Pre-touch: Disabled
 Parallel Workers: 8
 Concurrent Workers: 2
 Concurrent Refinement Workers: 8
 Periodic GC: Disabled

Heap:
 garbage-first heap   total 58368K, used 32443K [0x0000000082c00000, 0x0000000100000000)
  region size 1024K, 13 young (13312K), 2 survivors (2048K)
 Metaspace       used 51453K, committed 51968K, reserved 1114112K
  class space    used 7020K, committed 7232K, reserved 1048576K

Heap Regions: E=young(eden), S=young(survivor), O=old, HS=humongous(starts), HC=humongous(continues), CS=collection set, F=free, OA=open archive, CA=closed archive, TAMS=top-at-mark-start (previous, next)
|   0|0x0000000082c00000, 0x0000000082d00000, 0x0000000082d00000|100%|HS|  |TAMS 0x0000000082d00000, 0x0000000082c00000| Complete 
|   1|0x0000000082d00000, 0x0000000082e00000, 0x0000000082e00000|100%| O|  |TAMS 0x0000000082e00000, 0x0000000082d00000| Untracked 
|   2|0x0000000082e00000, 0x0000000082f00000, 0x0000000082f00000|100%| O|  |TAMS 0x0000000082f00000, 0x0000000082e00000| Untracked 
|   3|0x0000000082f00000, 0x0000000083000000, 0x0000000083000000|100%| O|  |TAMS 0x0000000083000000, 0x0000000082f00000| Untracked 
|   4|0x0000000083000000, 0x0000000083100000, 0x0000000083100000|100%| O|  |TAMS 0x0000000083100000, 0x0000000083000000| Untracked 
|   5|0x0000000083100000, 0x0000000083200000, 0x0000000083200000|100%| O|  |TAMS 0x0000000083200000, 0x0000000083100000| Untracked 
|   6|0x0000000083200000, 0x0000000083300000, 0x0000000083300000|100%| O|  |TAMS 0x0000000083300000, 0x0000000083200000| Untracked 
|   7|0x0000000083300000, 0x0000000083400000, 0x0000000083400000|100%| O|  |TAMS 0x0000000083400000, 0x0000000083300000| Untracked 
|   8|0x0000000083400000, 0x0000000083500000, 0x0000000083500000|100%| O|  |TAMS 0x0000000083500000, 0x0000000083400000| Untracked 
|   9|0x0000000083500000, 0x0000000083600000, 0x0000000083600000|100%| O|  |TAMS 0x0000000083600000, 0x0000000083500000| Untracked 
|  10|0x0000000083600000, 0x0000000083700000, 0x0000000083700000|100%| O|  |TAMS 0x0000000083700000, 0x0000000083600000| Untracked 
|  11|0x0000000083700000, 0x0000000083800000, 0x0000000083800000|100%| O|  |TAMS 0x0000000083800000, 0x0000000083700000| Untracked 
|  12|0x0000000083800000, 0x0000000083900000, 0x0000000083900000|100%| O|  |TAMS 0x0000000083900000, 0x0000000083800000| Untracked 
|  13|0x0000000083900000, 0x0000000083a00000, 0x0000000083a00000|100%| O|  |TAMS 0x0000000083a00000, 0x0000000083900000| Untracked 
|  14|0x0000000083a00000, 0x0000000083b00000, 0x0000000083b00000|100%| O|  |TAMS 0x0000000083b00000, 0x0000000083a00000| Untracked 
|  15|0x0000000083b00000, 0x0000000083c00000, 0x0000000083c00000|100%| O|  |TAMS 0x0000000083c00000, 0x0000000083b00000| Untracked 
|  16|0x0000000083c00000, 0x0000000083d00000, 0x0000000083d00000|100%| O|  |TAMS 0x0000000083c25e00, 0x0000000083c00000| Untracked 
|  17|0x0000000083d00000, 0x0000000083d6bc00, 0x0000000083e00000| 42%| O|  |TAMS 0x0000000083d00000, 0x0000000083d00000| Untracked 
|  18|0x0000000083e00000, 0x0000000083e00000, 0x0000000083f00000|  0%| F|  |TAMS 0x0000000083e00000, 0x0000000083e00000| Untracked 
|  19|0x0000000083f00000, 0x0000000084000000, 0x0000000084000000|100%| O|  |TAMS 0x0000000084000000, 0x0000000083f00000| Untracked 
|  20|0x0000000084000000, 0x0000000084100000, 0x0000000084100000|100%| O|  |TAMS 0x0000000084100000, 0x0000000084000000| Untracked 
|  21|0x0000000084100000, 0x0000000084200000, 0x0000000084200000|100%| O|  |TAMS 0x0000000084200000, 0x0000000084100000| Complete 
|  22|0x0000000084200000, 0x0000000084300000, 0x0000000084300000|100%| O|  |TAMS 0x0000000084300000, 0x0000000084200000| Untracked 
|  23|0x0000000084300000, 0x0000000084300000, 0x0000000084400000|  0%| F|  |TAMS 0x0000000084300000, 0x0000000084300000| Untracked 
|  24|0x0000000084400000, 0x0000000084400000, 0x0000000084500000|  0%| F|  |TAMS 0x0000000084400000, 0x0000000084400000| Untracked 
|  25|0x0000000084500000, 0x0000000084500000, 0x0000000084600000|  0%| F|  |TAMS 0x0000000084500000, 0x0000000084500000| Untracked 
|  26|0x0000000084600000, 0x0000000084600000, 0x0000000084700000|  0%| F|  |TAMS 0x0000000084600000, 0x0000000084600000| Untracked 
|  27|0x0000000084700000, 0x0000000084700000, 0x0000000084800000|  0%| F|  |TAMS 0x0000000084700000, 0x0000000084700000| Untracked 
|  28|0x0000000084800000, 0x0000000084800000, 0x0000000084900000|  0%| F|  |TAMS 0x0000000084800000, 0x0000000084800000| Untracked 
|  29|0x0000000084900000, 0x0000000084900000, 0x0000000084a00000|  0%| F|  |TAMS 0x0000000084900000, 0x0000000084900000| Untracked 
|  30|0x0000000084a00000, 0x0000000084a00000, 0x0000000084b00000|  0%| F|  |TAMS 0x0000000084a00000, 0x0000000084a00000| Untracked 
|  31|0x0000000084b00000, 0x0000000084b00000, 0x0000000084c00000|  0%| F|  |TAMS 0x0000000084b00000, 0x0000000084b00000| Untracked 
|  32|0x0000000084c00000, 0x0000000084c00000, 0x0000000084d00000|  0%| F|  |TAMS 0x0000000084c00000, 0x0000000084c00000| Untracked 
|  33|0x0000000084d00000, 0x0000000084d00000, 0x0000000084e00000|  0%| F|  |TAMS 0x0000000084d00000, 0x0000000084d00000| Untracked 
|  34|0x0000000084e00000, 0x0000000084e00000, 0x0000000084f00000|  0%| F|  |TAMS 0x0000000084e00000, 0x0000000084e00000| Untracked 
|  35|0x0000000084f00000, 0x0000000084f00000, 0x0000000085000000|  0%| F|  |TAMS 0x0000000084f00000, 0x0000000084f00000| Untracked 
|  36|0x0000000085000000, 0x0000000085000000, 0x0000000085100000|  0%| F|  |TAMS 0x0000000085000000, 0x0000000085000000| Untracked 
|  37|0x0000000085100000, 0x0000000085100000, 0x0000000085200000|  0%| F|  |TAMS 0x0000000085100000, 0x0000000085100000| Untracked 
|  38|0x0000000085200000, 0x0000000085200000, 0x0000000085300000|  0%| F|  |TAMS 0x0000000085200000, 0x0000000085200000| Untracked 
|  39|0x0000000085300000, 0x0000000085300000, 0x0000000085400000|  0%| F|  |TAMS 0x0000000085300000, 0x0000000085300000| Untracked 
|  40|0x0000000085400000, 0x0000000085400000, 0x0000000085500000|  0%| F|  |TAMS 0x0000000085400000, 0x0000000085400000| Untracked 
|  41|0x0000000085500000, 0x0000000085500000, 0x0000000085600000|  0%| F|  |TAMS 0x0000000085500000, 0x0000000085500000| Untracked 
|  42|0x0000000085600000, 0x0000000085600000, 0x0000000085700000|  0%| F|  |TAMS 0x0000000085600000, 0x0000000085600000| Untracked 
|  43|0x0000000085700000, 0x0000000085700000, 0x0000000085800000|  0%| F|  |TAMS 0x0000000085700000, 0x0000000085700000| Untracked 
|  44|0x0000000085800000, 0x0000000085900000, 0x0000000085900000|100%| E|  |TAMS 0x0000000085800000, 0x0000000085800000| Complete 
|  45|0x0000000085900000, 0x0000000085a00000, 0x0000000085a00000|100%| E|CS|TAMS 0x0000000085900000, 0x0000000085900000| Complete 
|  46|0x0000000085a00000, 0x0000000085b00000, 0x0000000085b00000|100%| E|CS|TAMS 0x0000000085a00000, 0x0000000085a00000| Complete 
|  47|0x0000000085b00000, 0x0000000085c00000, 0x0000000085c00000|100%| E|CS|TAMS 0x0000000085b00000, 0x0000000085b00000| Complete 
|  80|0x0000000087c00000, 0x0000000087d00000, 0x0000000087d00000|100%| E|CS|TAMS 0x0000000087c00000, 0x0000000087c00000| Complete 
|  81|0x0000000087d00000, 0x0000000087e00000, 0x0000000087e00000|100%| E|CS|TAMS 0x0000000087d00000, 0x0000000087d00000| Complete 
|  82|0x0000000087e00000, 0x0000000087f00000, 0x0000000087f00000|100%| E|CS|TAMS 0x0000000087e00000, 0x0000000087e00000| Complete 
|  83|0x0000000087f00000, 0x0000000087f43310, 0x0000000088000000| 26%| S|CS|TAMS 0x0000000087f00000, 0x0000000087f00000| Complete 
|  84|0x0000000088000000, 0x0000000088100000, 0x0000000088100000|100%| S|CS|TAMS 0x0000000088000000, 0x0000000088000000| Complete 
| 122|0x000000008a600000, 0x000000008a700000, 0x000000008a700000|100%| E|  |TAMS 0x000000008a600000, 0x000000008a600000| Complete 
| 123|0x000000008a700000, 0x000000008a800000, 0x000000008a800000|100%| E|CS|TAMS 0x000000008a700000, 0x000000008a700000| Complete 
| 124|0x000000008a800000, 0x000000008a900000, 0x000000008a900000|100%| E|CS|TAMS 0x000000008a800000, 0x000000008a800000| Complete 
| 125|0x000000008a900000, 0x000000008aa00000, 0x000000008aa00000|100%| E|CS|TAMS 0x000000008a900000, 0x000000008a900000| Complete 

Card table byte_map: [0x00000220c0d60000,0x00000220c1150000] _byte_map_base: 0x00000220c094a000

Marking Bits (Prev, Next): (CMBitMap*) 0x00000220a9b821f0, (CMBitMap*) 0x00000220a9b821b0
 Prev Bits: [0x00000220c3490000, 0x00000220c53e0000)
 Next Bits: [0x00000220c1540000, 0x00000220c3490000)

Polling page: 0x00000220a7a80000

Metaspace:

Usage:
  Non-class:     43.40 MB used.
      Class:      6.86 MB used.
       Both:     50.26 MB used.

Virtual space:
  Non-class space:       64.00 MB reserved,      43.69 MB ( 68%) committed,  1 nodes.
      Class space:        1.00 GB reserved,       7.06 MB ( <1%) committed,  1 nodes.
             Both:        1.06 GB reserved,      50.75 MB (  5%) committed. 

Chunk freelists:
   Non-Class:  4.11 MB
       Class:  8.95 MB
        Both:  13.06 MB

MaxMetaspaceSize: unlimited
CompressedClassSpaceSize: 1.00 GB
Initial GC threshold: 21.00 MB
Current GC threshold: 79.31 MB
CDS: on
MetaspaceReclaimPolicy: balanced
 - commit_granule_bytes: 65536.
 - commit_granule_words: 8192.
 - virtual_space_node_default_size: 8388608.
 - enlarge_chunks_in_place: 1.
 - new_chunks_are_fully_committed: 0.
 - uncommit_free_chunks: 1.
 - use_allocation_guard: 0.
 - handle_deallocations: 1.


Internal statistics:

num_allocs_failed_limit: 14.
num_arena_births: 600.
num_arena_deaths: 0.
num_vsnodes_births: 2.
num_vsnodes_deaths: 0.
num_space_committed: 812.
num_space_uncommitted: 0.
num_chunks_returned_to_freelist: 14.
num_chunks_taken_from_freelist: 2363.
num_chunk_merges: 9.
num_chunk_splits: 1749.
num_chunks_enlarged: 1378.
num_inconsistent_stats: 0.

CodeHeap 'non-profiled nmethods': size=120000Kb used=2809Kb max_used=2809Kb free=117190Kb
 bounds [0x00000220b9110000, 0x00000220b93d0000, 0x00000220c0640000]
CodeHeap 'profiled nmethods': size=120000Kb used=9641Kb max_used=9641Kb free=110358Kb
 bounds [0x00000220b1640000, 0x00000220b1fb0000, 0x00000220b8b70000]
CodeHeap 'non-nmethods': size=5760Kb used=1277Kb max_used=1317Kb free=4482Kb
 bounds [0x00000220b8b70000, 0x00000220b8de0000, 0x00000220b9110000]
 total_blobs=5376 nmethods=4783 adapters=504
 compilation: enabled
              stopped_count=0, restarted_count=0
 full_count=0

Compilation events (20 events):
Event: 32.287 Thread 0x00000220c7e2b0a0 4725       3       java.lang.reflect.ProxyGenerator::generateClassFile (281 bytes)
Event: 32.291 Thread 0x00000220c7e2b0a0 nmethod 4725 0x00000220b1f83690 code [0x00000220b1f83a80, 0x00000220b1f85448]
Event: 32.358 Thread 0x00000220c7e2b0a0 4729       3       net.bytebuddy.description.method.MethodList$ForLoadedMethods::size (20 bytes)
Event: 32.358 Thread 0x00000220c7e2b0a0 nmethod 4729 0x00000220b1f85c10 code [0x00000220b1f85dc0, 0x00000220b1f86078]
Event: 32.358 Thread 0x00000220c7e2b0a0 4730       3       net.bytebuddy.description.TypeVariableSource$AbstractBase::<init> (5 bytes)
Event: 32.358 Thread 0x00000220c7e2b0a0 nmethod 4730 0x00000220b1f86190 code [0x00000220b1f86340, 0x00000220b1f864f8]
Event: 32.358 Thread 0x00000220c7e2b0a0 4731       1       net.bytebuddy.description.method.MethodDescription$ForLoadedMethod::isConstructor (2 bytes)
Event: 32.358 Thread 0x00000220c7e2b0a0 nmethod 4731 0x00000220b93cc690 code [0x00000220b93cc820, 0x00000220b93cc8f8]
Event: 32.383 Thread 0x00000220c7e2b0a0 4733   !   3       jdk.internal.reflect.NativeMethodAccessorImpl::invoke (137 bytes)
Event: 32.385 Thread 0x00000220c7e2b0a0 nmethod 4733 0x00000220b1f86610 code [0x00000220b1f86860, 0x00000220b1f874a8]
Event: 32.385 Thread 0x00000220c7e2b0a0 4734       3       jdk.internal.reflect.ClassFileAssembler::append (30 bytes)
Event: 32.386 Thread 0x00000220c7e2b0a0 nmethod 4734 0x00000220b1f87990 code [0x00000220b1f87b80, 0x00000220b1f88058]
Event: 32.401 Thread 0x00000220c7e2b0a0 4736       3       net.bytebuddy.description.type.TypeDescription$ForLoadedType::of (30 bytes)
Event: 32.402 Thread 0x00000220c7e2b0a0 nmethod 4736 0x00000220b1f88310 code [0x00000220b1f88500, 0x00000220b1f88ba8]
Event: 32.402 Thread 0x00000220c7e2b0a0 4737       3       net.bytebuddy.description.ByteCodeElement$Token$TokenList::get (6 bytes)
Event: 32.402 Thread 0x00000220c7e2b0a0 nmethod 4737 0x00000220b1f88d90 code [0x00000220b1f88f40, 0x00000220b1f89288]
Event: 32.402 Thread 0x00000220c7e2b0a0 4738       3       net.bytebuddy.description.ByteCodeElement$Token$TokenList::get (14 bytes)
Event: 32.403 Thread 0x00000220c7e2b0a0 nmethod 4738 0x00000220b1f89390 code [0x00000220b1f89540, 0x00000220b1f89828]
Event: 32.403 Thread 0x00000220c7e2b0a0 4739       1       net.bytebuddy.description.method.ParameterDescription$Token::getType (5 bytes)
Event: 32.403 Thread 0x00000220c7e2b0a0 nmethod 4739 0x00000220b93cc990 code [0x00000220b93ccb20, 0x00000220b93ccbf8]

GC Heap History (20 events):
Event: 3.453 GC heap before
{Heap before GC invocations=1 (full 0):
 garbage-first heap   total 129024K, used 29492K [0x0000000082c00000, 0x0000000100000000)
  region size 1024K, 25 young (25600K), 3 survivors (3072K)
 Metaspace       used 12687K, committed 12928K, reserved 1114112K
  class space    used 1564K, committed 1664K, reserved 1048576K
}
Event: 3.459 GC heap after
{Heap after GC invocations=2 (full 0):
 garbage-first heap   total 129024K, used 9673K [0x0000000082c00000, 0x0000000100000000)
  region size 1024K, 2 young (2048K), 2 survivors (2048K)
 Metaspace       used 12687K, committed 12928K, reserved 1114112K
  class space    used 1564K, committed 1664K, reserved 1048576K
}
Event: 4.547 GC heap before
{Heap before GC invocations=2 (full 0):
 garbage-first heap   total 129024K, used 47561K [0x0000000082c00000, 0x0000000100000000)
  region size 1024K, 41 young (41984K), 2 survivors (2048K)
 Metaspace       used 21319K, committed 21504K, reserved 1114112K
  class space    used 2671K, committed 2752K, reserved 1048576K
}
Event: 4.553 GC heap after
{Heap after GC invocations=3 (full 0):
 garbage-first heap   total 129024K, used 12329K [0x0000000082c00000, 0x0000000100000000)
  region size 1024K, 5 young (5120K), 5 survivors (5120K)
 Metaspace       used 21319K, committed 21504K, reserved 1114112K
  class space    used 2671K, committed 2752K, reserved 1048576K
}
Event: 6.070 GC heap before
{Heap before GC invocations=4 (full 0):
 garbage-first heap   total 58368K, used 45097K [0x0000000082c00000, 0x0000000100000000)
  region size 1024K, 38 young (38912K), 5 survivors (5120K)
 Metaspace       used 25136K, committed 25408K, reserved 1114112K
  class space    used 3180K, committed 3328K, reserved 1048576K
}
Event: 6.077 GC heap after
{Heap after GC invocations=5 (full 0):
 garbage-first heap   total 58368K, used 15053K [0x0000000082c00000, 0x0000000100000000)
  region size 1024K, 7 young (7168K), 7 survivors (7168K)
 Metaspace       used 25136K, committed 25408K, reserved 1114112K
  class space    used 3180K, committed 3328K, reserved 1048576K
}
Event: 6.140 GC heap before
{Heap before GC invocations=5 (full 0):
 garbage-first heap   total 58368K, used 16077K [0x0000000082c00000, 0x0000000100000000)
  region size 1024K, 8 young (8192K), 7 survivors (7168K)
 Metaspace       used 25271K, committed 25600K, reserved 1114112K
  class space    used 3198K, committed 3328K, reserved 1048576K
}
Event: 6.148 GC heap after
{Heap after GC invocations=6 (full 0):
 garbage-first heap   total 58368K, used 15739K [0x0000000082c00000, 0x0000000100000000)
  region size 1024K, 1 young (1024K), 1 survivors (1024K)
 Metaspace       used 25271K, committed 25600K, reserved 1114112K
  class space    used 3198K, committed 3328K, reserved 1048576K
}
Event: 8.089 GC heap before
{Heap before GC invocations=6 (full 0):
 garbage-first heap   total 58368K, used 38267K [0x0000000082c00000, 0x0000000100000000)
  region size 1024K, 24 young (24576K), 1 survivors (1024K)
 Metaspace       used 28722K, committed 29056K, reserved 1114112K
  class space    used 3697K, committed 3840K, reserved 1048576K
}
Event: 8.093 GC heap after
{Heap after GC invocations=7 (full 0):
 garbage-first heap   total 58368K, used 16714K [0x0000000082c00000, 0x0000000100000000)
  region size 1024K, 2 young (2048K), 2 survivors (2048K)
 Metaspace       used 28722K, committed 29056K, reserved 1114112K
  class space    used 3697K, committed 3840K, reserved 1048576K
}
Event: 9.258 GC heap before
{Heap before GC invocations=8 (full 0):
 garbage-first heap   total 58368K, used 41290K [0x0000000082c00000, 0x0000000100000000)
  region size 1024K, 26 young (26624K), 2 survivors (2048K)
 Metaspace       used 32221K, committed 32576K, reserved 1114112K
  class space    used 4182K, committed 4352K, reserved 1048576K
}
Event: 9.264 GC heap after
{Heap after GC invocations=9 (full 0):
 garbage-first heap   total 58368K, used 18891K [0x0000000082c00000, 0x0000000100000000)
  region size 1024K, 4 young (4096K), 4 survivors (4096K)
 Metaspace       used 32221K, committed 32576K, reserved 1114112K
  class space    used 4182K, committed 4352K, reserved 1048576K
}
Event: 26.085 GC heap before
{Heap before GC invocations=9 (full 0):
 garbage-first heap   total 58368K, used 42443K [0x0000000082c00000, 0x0000000100000000)
  region size 1024K, 27 young (27648K), 4 survivors (4096K)
 Metaspace       used 36720K, committed 37248K, reserved 1114112K
  class space    used 4690K, committed 4928K, reserved 1048576K
}
Event: 26.095 GC heap after
{Heap after GC invocations=10 (full 0):
 garbage-first heap   total 58368K, used 20785K [0x0000000082c00000, 0x0000000100000000)
  region size 1024K, 2 young (2048K), 2 survivors (2048K)
 Metaspace       used 36720K, committed 37248K, reserved 1114112K
  class space    used 4690K, committed 4928K, reserved 1048576K
}
Event: 29.555 GC heap before
{Heap before GC invocations=10 (full 0):
 garbage-first heap   total 58368K, used 43313K [0x0000000082c00000, 0x0000000100000000)
  region size 1024K, 24 young (24576K), 2 survivors (2048K)
 Metaspace       used 42217K, committed 42688K, reserved 1114112K
  class space    used 5592K, committed 5824K, reserved 1048576K
}
Event: 29.564 GC heap after
{Heap after GC invocations=11 (full 0):
 garbage-first heap   total 58368K, used 22024K [0x0000000082c00000, 0x0000000100000000)
  region size 1024K, 2 young (2048K), 2 survivors (2048K)
 Metaspace       used 42217K, committed 42688K, reserved 1114112K
  class space    used 5592K, committed 5824K, reserved 1048576K
}
Event: 31.148 GC heap before
{Heap before GC invocations=11 (full 0):
 garbage-first heap   total 58368K, used 43528K [0x0000000082c00000, 0x0000000100000000)
  region size 1024K, 23 young (23552K), 2 survivors (2048K)
 Metaspace       used 46991K, committed 47424K, reserved 1114112K
  class space    used 6207K, committed 6400K, reserved 1048576K
}
Event: 31.153 GC heap after
{Heap after GC invocations=12 (full 0):
 garbage-first heap   total 58368K, used 23000K [0x0000000082c00000, 0x0000000100000000)
  region size 1024K, 3 young (3072K), 3 survivors (3072K)
 Metaspace       used 46991K, committed 47424K, reserved 1114112K
  class space    used 6207K, committed 6400K, reserved 1048576K
}
Event: 31.526 GC heap before
{Heap before GC invocations=12 (full 0):
 garbage-first heap   total 58368K, used 25048K [0x0000000082c00000, 0x0000000100000000)
  region size 1024K, 7 young (7168K), 3 survivors (3072K)
 Metaspace       used 48142K, committed 48576K, reserved 1114112K
  class space    used 6357K, committed 6592K, reserved 1048576K
}
Event: 31.533 GC heap after
{Heap after GC invocations=13 (full 0):
 garbage-first heap   total 58368K, used 23227K [0x0000000082c00000, 0x0000000100000000)
  region size 1024K, 2 young (2048K), 2 survivors (2048K)
 Metaspace       used 48142K, committed 48576K, reserved 1114112K
  class space    used 6357K, committed 6592K, reserved 1048576K
}

Dll operation events (11 events):
Event: 0.024 Loaded shared library C:\Users\lucas\.gradle\jdks\eclipse_adoptium-17-amd64-windows\jdk-17.0.13+11\bin\java.dll
Event: 0.081 Loaded shared library C:\Users\lucas\.gradle\jdks\eclipse_adoptium-17-amd64-windows\jdk-17.0.13+11\bin\jsvml.dll
Event: 0.459 Loaded shared library C:\Users\lucas\.gradle\jdks\eclipse_adoptium-17-amd64-windows\jdk-17.0.13+11\bin\jimage.dll
Event: 0.478 Loaded shared library C:\Users\lucas\.gradle\jdks\eclipse_adoptium-17-amd64-windows\jdk-17.0.13+11\bin\net.dll
Event: 0.483 Loaded shared library C:\Users\lucas\.gradle\jdks\eclipse_adoptium-17-amd64-windows\jdk-17.0.13+11\bin\nio.dll
Event: 0.491 Loaded shared library C:\Users\lucas\.gradle\jdks\eclipse_adoptium-17-amd64-windows\jdk-17.0.13+11\bin\zip.dll
Event: 0.665 Loaded shared library C:\Users\lucas\.gradle\jdks\eclipse_adoptium-17-amd64-windows\jdk-17.0.13+11\bin\management.dll
Event: 0.714 Loaded shared library C:\Users\lucas\.gradle\jdks\eclipse_adoptium-17-amd64-windows\jdk-17.0.13+11\bin\management_ext.dll
Event: 1.391 Loaded shared library C:\Users\lucas\.gradle\jdks\eclipse_adoptium-17-amd64-windows\jdk-17.0.13+11\bin\extnet.dll
Event: 4.913 Loaded shared library C:\Users\lucas\.gradle\jdks\eclipse_adoptium-17-amd64-windows\jdk-17.0.13+11\bin\sunmscapi.dll
Event: 27.397 Loaded shared library C:\Users\lucas\.gradle\jdks\eclipse_adoptium-17-amd64-windows\jdk-17.0.13+11\bin\verify.dll

Deoptimization events (20 events):
Event: 30.706 Thread 0x000002210d96c960 Uncommon trap: trap_request=0xffffffbe fr.pc=0x00000220b93934a8 relative=0x00000000000007e8
Event: 30.706 Thread 0x000002210d96c960 Uncommon trap: reason=profile_predicate action=maybe_recompile pc=0x00000220b93934a8 method=java.lang.PublicMethods$MethodList.filter([Ljava/lang/reflect/Method;Ljava/lang/String;[Ljava/lang/Class;Z)Ljava/lang/PublicMethods$MethodList; @ 21 c2
Event: 30.706 Thread 0x000002210d96c960 DEOPT PACKING pc=0x00000220b93934a8 sp=0x00000059158fc9e0
Event: 30.706 Thread 0x000002210d96c960 DEOPT UNPACKING pc=0x00000220b8bc69a3 sp=0x00000059158fc998 mode 2
Event: 30.840 Thread 0x000002210d96c960 Uncommon trap: trap_request=0xffffffbe fr.pc=0x00000220b93934a8 relative=0x00000000000007e8
Event: 30.840 Thread 0x000002210d96c960 Uncommon trap: reason=profile_predicate action=maybe_recompile pc=0x00000220b93934a8 method=java.lang.PublicMethods$MethodList.filter([Ljava/lang/reflect/Method;Ljava/lang/String;[Ljava/lang/Class;Z)Ljava/lang/PublicMethods$MethodList; @ 21 c2
Event: 30.840 Thread 0x000002210d96c960 DEOPT PACKING pc=0x00000220b93934a8 sp=0x00000059158fc330
Event: 30.840 Thread 0x000002210d96c960 DEOPT UNPACKING pc=0x00000220b8bc69a3 sp=0x00000059158fc2e8 mode 2
Event: 30.840 Thread 0x000002210d96c960 Uncommon trap: trap_request=0xffffffbe fr.pc=0x00000220b93934a8 relative=0x00000000000007e8
Event: 30.840 Thread 0x000002210d96c960 Uncommon trap: reason=profile_predicate action=maybe_recompile pc=0x00000220b93934a8 method=java.lang.PublicMethods$MethodList.filter([Ljava/lang/reflect/Method;Ljava/lang/String;[Ljava/lang/Class;Z)Ljava/lang/PublicMethods$MethodList; @ 21 c2
Event: 30.840 Thread 0x000002210d96c960 DEOPT PACKING pc=0x00000220b93934a8 sp=0x00000059158fc280
Event: 30.840 Thread 0x000002210d96c960 DEOPT UNPACKING pc=0x00000220b8bc69a3 sp=0x00000059158fc238 mode 2
Event: 30.851 Thread 0x000002210d96c960 Uncommon trap: trap_request=0xffffffcc fr.pc=0x00000220b93aee48 relative=0x00000000000002a8
Event: 30.851 Thread 0x000002210d96c960 Uncommon trap: reason=intrinsic_or_type_checked_inlining action=make_not_entrant pc=0x00000220b93aee48 method=java.util.ArrayList.toArray([Ljava/lang/Object;)[Ljava/lang/Object; @ 36 c2
Event: 30.851 Thread 0x000002210d96c960 DEOPT PACKING pc=0x00000220b93aee48 sp=0x00000059158fc870
Event: 30.851 Thread 0x000002210d96c960 DEOPT UNPACKING pc=0x00000220b8bc69a3 sp=0x00000059158fc820 mode 2
Event: 30.919 Thread 0x000002210d96c960 Uncommon trap: trap_request=0xffffffdc fr.pc=0x00000220b93b05f4 relative=0x0000000000000254
Event: 30.919 Thread 0x000002210d96c960 Uncommon trap: reason=class_check action=make_not_entrant pc=0x00000220b93b05f4 method=java.util.ArrayList.toArray([Ljava/lang/Object;)[Ljava/lang/Object; @ 21 c2
Event: 30.919 Thread 0x000002210d96c960 DEOPT PACKING pc=0x00000220b93b05f4 sp=0x00000059158fc5a0
Event: 30.919 Thread 0x000002210d96c960 DEOPT UNPACKING pc=0x00000220b8bc69a3 sp=0x00000059158fc570 mode 2

Classes loaded (20 events):
Event: 30.490 Loading class javax/naming/StringRefAddr done
Event: 30.579 Loading class java/util/concurrent/CompletionStage
Event: 30.579 Loading class java/util/concurrent/CompletionStage done
Event: 30.581 Loading class java/util/concurrent/CompletableFuture
Event: 30.582 Loading class java/util/concurrent/CompletableFuture done
Event: 30.582 Loading class java/util/concurrent/CompletableFuture$AltResult
Event: 30.583 Loading class java/util/concurrent/CompletableFuture$AltResult done
Event: 30.583 Loading class java/util/concurrent/CompletableFuture$Completion
Event: 30.583 Loading class java/util/concurrent/CompletableFuture$AsynchronousCompletionTask
Event: 30.583 Loading class java/util/concurrent/CompletableFuture$AsynchronousCompletionTask done
Event: 30.586 Loading class java/util/concurrent/CompletableFuture$Completion done
Event: 31.060 Loading class java/util/concurrent/CancellationException
Event: 31.060 Loading class java/util/concurrent/CancellationException done
Event: 31.855 Loading class javax/naming/event/NamingListener
Event: 31.856 Loading class javax/naming/event/NamingListener done
Event: 31.856 Loading class javax/naming/InvalidNameException
Event: 31.856 Loading class javax/naming/InvalidNameException done
Event: 31.857 Loading class javax/naming/event/NamespaceChangeListener
Event: 31.857 Loading class javax/naming/event/NamespaceChangeListener done
Event: 32.398 Loading class java/util/concurrent/locks/AbstractQueuedSynchronizer$ExclusiveNode

Classes unloaded (0 events):
No events

Classes redefined (0 events):
No events

Internal exceptions (20 events):
Event: 8.785 Thread 0x000002210d96c960 Exception <a 'java/lang/NoSuchMethodError'{0x000000008584f480}: 'java.lang.Object java.lang.invoke.DirectMethodHandle$Holder.invokeSpecial(java.lang.Object, java.lang.Object, java.lang.Object, java.lang.Object, int)'> (0x000000008584f480) 
thrown [s\src\hotspot\share\interpreter\linkResolver.cpp, line 759]
Event: 8.786 Thread 0x000002210d96c960 Exception <a 'java/lang/NoSuchMethodError'{0x0000000085853048}: 'java.lang.Object java.lang.invoke.Invokers$Holder.linkToTargetMethod(java.lang.Object, java.lang.Object, int, java.lang.Object)'> (0x0000000085853048) 
thrown [s\src\hotspot\share\interpreter\linkResolver.cpp, line 759]
Event: 9.267 Thread 0x000002210d96c960 Exception <a 'sun/nio/fs/WindowsException'{0x000000008a912b88}> (0x000000008a912b88) 
thrown [s\src\hotspot\share\prims\jni.cpp, line 516]
Event: 9.269 Thread 0x000002210d96c960 Exception <a 'sun/nio/fs/WindowsException'{0x000000008a918580}> (0x000000008a918580) 
thrown [s\src\hotspot\share\prims\jni.cpp, line 516]
Event: 9.269 Thread 0x000002210d96c960 Exception <a 'sun/nio/fs/WindowsException'{0x000000008a918c58}> (0x000000008a918c58) 
thrown [s\src\hotspot\share\prims\jni.cpp, line 516]
Event: 9.341 Thread 0x000002210d96c960 Exception <a 'java/lang/NoSuchMethodError'{0x000000008a87a478}: 'java.lang.Object java.lang.invoke.DirectMethodHandle$Holder.invokeSpecial(java.lang.Object, java.lang.Object, long, java.lang.Object, java.lang.Object, java.lang.Object, java.lang.Object, java.lang.Object, java.lang.Object)'> (0x000000008a87a478) 
thrown [s\src\hotspot\share\interpreter\linkResolver.cpp, line 759]
Event: 9.341 Thread 0x000002210d96c960 Exception <a 'java/lang/NoSuchMethodError'{0x000000008a87efa0}: 'java.lang.Object java.lang.invoke.DelegatingMethodHandle$Holder.reinvoke_L(java.lang.Object, long, java.lang.Object, java.lang.Object, java.lang.Object, java.lang.Object, java.lang.Object, java.lang.Object)'> (0x000000008a87efa0) 
thrown [s\src\hotspot\share\interpreter\linkResolver.cpp, line 759]
Event: 9.384 Thread 0x000002210d96c960 Implicit null exception at 0x00000220b920fb40 to 0x00000220b92114b8
Event: 9.415 Thread 0x000002210d96c960 Exception <a 'java/io/FileNotFoundException'{0x000000008a7d9da0}> (0x000000008a7d9da0) 
thrown [s\src\hotspot\share\prims\jni.cpp, line 516]
Event: 9.481 Thread 0x000002210d96c960 Exception <a 'java/lang/NoSuchMethodError'{0x0000000088059d88}: 'int java.lang.invoke.DirectMethodHandle$Holder.invokeInterface(java.lang.Object, java.lang.Object, java.lang.Object, java.lang.Object)'> (0x0000000088059d88) 
thrown [s\src\hotspot\share\interpreter\linkResolver.cpp, line 759]
Event: 9.927 Thread 0x000002210d96c960 Exception <a 'java/lang/NoSuchMethodError'{0x0000000085b72d80}: 'int java.lang.invoke.DirectMethodHandle$Holder.invokeStaticInit(java.lang.Object, java.lang.Object, java.lang.Object, java.lang.Object)'> (0x0000000085b72d80) 
thrown [s\src\hotspot\share\interpreter\linkResolver.cpp, line 759]
Event: 13.711 Thread 0x000002210d96c960 Implicit null exception at 0x00000220b92e1aec to 0x00000220b92e1b9c
Event: 17.587 Thread 0x000002210d96c960 Exception <a 'java/lang/NoSuchMethodError'{0x00000000856047f8}: 'java.lang.Object java.lang.invoke.DirectMethodHandle$Holder.invokeStaticInit(java.lang.Object, java.lang.Object, java.lang.Object, java.lang.Object)'> (0x00000000856047f8) 
thrown [s\src\hotspot\share\interpreter\linkResolver.cpp, line 759]
Event: 18.574 Thread 0x000002210d96c960 Exception <a 'java/lang/NoSuchMethodError'{0x00000000854630c8}: 'long java.lang.invoke.DirectMethodHandle$Holder.invokeVirtual(java.lang.Object, java.lang.Object)'> (0x00000000854630c8) 
thrown [s\src\hotspot\share\interpreter\linkResolver.cpp, line 759]
Event: 18.586 Thread 0x000002210d96c960 Exception <a 'java/io/FileNotFoundException'{0x00000000854926a8}> (0x00000000854926a8) 
thrown [s\src\hotspot\share\prims\jni.cpp, line 516]
Event: 24.025 Thread 0x000002210d96c960 Implicit null exception at 0x00000220b926f0a0 to 0x00000220b926f5f0
Event: 24.042 Thread 0x000002210d96c960 Exception <a 'sun/nio/fs/WindowsException'{0x00000000851f14c0}> (0x00000000851f14c0) 
thrown [s\src\hotspot\share\prims\jni.cpp, line 516]
Event: 31.082 Thread 0x000002210d96c960 Exception <a 'java/lang/IncompatibleClassChangeError'{0x00000000851cb8d0}: Found class java.lang.Object, but interface was expected> (0x00000000851cb8d0) 
thrown [s\src\hotspot\share\interpreter\linkResolver.cpp, line 826]
Event: 31.126 Thread 0x000002210d96c960 Exception <a 'java/lang/NoSuchMethodError'{0x000000008507f838}: 'java.lang.Object java.lang.invoke.DirectMethodHandle$Holder.invokeStatic(java.lang.Object, java.lang.Object, int, java.lang.Object)'> (0x000000008507f838) 
thrown [s\src\hotspot\share\interpreter\linkResolver.cpp, line 759]
Event: 31.127 Thread 0x000002210d96c960 Exception <a 'java/lang/NoSuchMethodError'{0x00000000850832d0}: 'java.lang.Object java.lang.invoke.DirectMethodHandle$Holder.invokeStaticInit(java.lang.Object, java.lang.Object, int, java.lang.Object)'> (0x00000000850832d0) 
thrown [s\src\hotspot\share\interpreter\linkResolver.cpp, line 759]

VM Operations (20 events):
Event: 28.229 Executing VM operation: Cleanup
Event: 28.229 Executing VM operation: Cleanup done
Event: 29.240 Executing VM operation: Cleanup
Event: 29.256 Executing VM operation: Cleanup done
Event: 29.555 Executing VM operation: G1CollectForAllocation
Event: 29.564 Executing VM operation: G1CollectForAllocation done
Event: 30.000 Executing VM operation: HandshakeAllThreads
Event: 30.000 Executing VM operation: HandshakeAllThreads done
Event: 30.027 Executing VM operation: HandshakeAllThreads
Event: 30.027 Executing VM operation: HandshakeAllThreads done
Event: 31.039 Executing VM operation: Cleanup
Event: 31.040 Executing VM operation: Cleanup done
Event: 31.148 Executing VM operation: G1CollectForAllocation
Event: 31.153 Executing VM operation: G1CollectForAllocation done
Event: 31.526 Executing VM operation: CollectForMetadataAllocation
Event: 31.533 Executing VM operation: CollectForMetadataAllocation done
Event: 31.577 Executing VM operation: G1PauseRemark
Event: 31.583 Executing VM operation: G1PauseRemark done
Event: 31.599 Executing VM operation: G1PauseCleanup
Event: 31.629 Executing VM operation: G1PauseCleanup done

Memory protections (0 events):
No events

Nmethod flushes (0 events):
No events

Events (20 events):
Event: 0.135 Thread 0x00000220a9b205e0 Thread added: 0x00000220c7e285e0
Event: 0.136 Thread 0x00000220a9b205e0 Thread added: 0x00000220c7e2b0a0
Event: 0.137 Thread 0x00000220a9b205e0 Thread added: 0x00000220c7e61900
Event: 0.405 Thread 0x00000220a9b205e0 Thread added: 0x000002210d082180
Event: 0.446 Thread 0x00000220a9b205e0 Thread added: 0x000002210d148ef0
Event: 1.398 Thread 0x00000220a9b205e0 Thread added: 0x000002210d71a450
Event: 1.426 Thread 0x00000220a9b205e0 Thread added: 0x000002210d721a10
Event: 1.476 Thread 0x00000220a9b205e0 Thread added: 0x000002210d70c5f0
Event: 2.287 Thread 0x00000220a9b205e0 Thread added: 0x000002210d96c070
Event: 2.434 Thread 0x000002210d96c070 Thread added: 0x000002210d96c960
Event: 3.326 Thread 0x000002210d96c960 Thread added: 0x000002210e4494c0
Event: 4.238 Thread 0x000002210d96c960 Thread added: 0x000002210e44ae10
Event: 4.930 Thread 0x000002210e44ae10 Thread exited: 0x000002210e44ae10
Event: 4.949 Thread 0x000002210e4494c0 Thread exited: 0x000002210e4494c0
Event: 16.617 Thread 0x000002210d96c960 Thread added: 0x000002210eb87180
Event: 17.342 Thread 0x000002210d96c960 Thread added: 0x000002210eb843f0
Event: 17.530 Thread 0x000002210eb843f0 Thread added: 0x000002210eb86760
Event: 18.611 Thread 0x000002210d96c960 Thread added: 0x000002210eb85d40
Event: 18.635 Thread 0x000002210d96c960 Thread added: 0x000002210eb84900
Event: 18.642 Thread 0x000002210d96c960 Thread added: 0x000002210eb86c70


Dynamic libraries:
0x00007ff71b820000 - 0x00007ff71b82e000 	C:\Users\lucas\.gradle\jdks\eclipse_adoptium-17-amd64-windows\jdk-17.0.13+11\bin\java.exe
0x00007ffebd930000 - 0x00007ffebdb47000 	C:\WINDOWS\SYSTEM32\ntdll.dll
0x00007ffebb7c0000 - 0x00007ffebb884000 	C:\WINDOWS\System32\KERNEL32.DLL
0x00007ffebadc0000 - 0x00007ffebb16d000 	C:\WINDOWS\System32\KERNELBASE.dll
0x00007ffebb2a0000 - 0x00007ffebb3b1000 	C:\WINDOWS\System32\ucrtbase.dll
0x00007ffe93ad0000 - 0x00007ffe93ae7000 	C:\Users\lucas\.gradle\jdks\eclipse_adoptium-17-amd64-windows\jdk-17.0.13+11\bin\jli.dll
0x00007ffe8c5f0000 - 0x00007ffe8c60e000 	C:\Users\lucas\.gradle\jdks\eclipse_adoptium-17-amd64-windows\jdk-17.0.13+11\bin\VCRUNTIME140.dll
0x00007ffebb9a0000 - 0x00007ffebbb4e000 	C:\WINDOWS\System32\USER32.dll
0x00007ffebb580000 - 0x00007ffebb5a6000 	C:\WINDOWS\System32\win32u.dll
0x00007ffe9c6d0000 - 0x00007ffe9c963000 	C:\WINDOWS\WinSxS\amd64_microsoft.windows.common-controls_6595b64144ccf1df_6.0.22621.3672_none_2713b9d173822955\COMCTL32.dll
0x00007ffebbe50000 - 0x00007ffebbe79000 	C:\WINDOWS\System32\GDI32.dll
0x00007ffebb3c0000 - 0x00007ffebb4d9000 	C:\WINDOWS\System32\gdi32full.dll
0x00007ffebb4e0000 - 0x00007ffebb57a000 	C:\WINDOWS\System32\msvcp_win.dll
0x00007ffebb890000 - 0x00007ffebb937000 	C:\WINDOWS\System32\msvcrt.dll
0x00007ffebb960000 - 0x00007ffebb991000 	C:\WINDOWS\System32\IMM32.DLL
0x00007ffea8920000 - 0x00007ffea892c000 	C:\Users\lucas\.gradle\jdks\eclipse_adoptium-17-amd64-windows\jdk-17.0.13+11\bin\vcruntime140_1.dll
0x00007ffe2aad0000 - 0x00007ffe2ab5d000 	C:\Users\lucas\.gradle\jdks\eclipse_adoptium-17-amd64-windows\jdk-17.0.13+11\bin\msvcp140.dll
0x00007ffdf2120000 - 0x00007ffdf2d8b000 	C:\Users\lucas\.gradle\jdks\eclipse_adoptium-17-amd64-windows\jdk-17.0.13+11\bin\server\jvm.dll
0x00007ffebd330000 - 0x00007ffebd3e2000 	C:\WINDOWS\System32\ADVAPI32.dll
0x00007ffebc300000 - 0x00007ffebc3a9000 	C:\WINDOWS\System32\sechost.dll
0x00007ffebb5b0000 - 0x00007ffebb5d8000 	C:\WINDOWS\System32\bcrypt.dll
0x00007ffebd210000 - 0x00007ffebd324000 	C:\WINDOWS\System32\RPCRT4.dll
0x00007ffebc770000 - 0x00007ffebc7e1000 	C:\WINDOWS\System32\WS2_32.dll
0x00007ffeb9aa0000 - 0x00007ffeb9aed000 	C:\WINDOWS\SYSTEM32\POWRPROF.dll
0x00007ffeb3f70000 - 0x00007ffeb3f7a000 	C:\WINDOWS\SYSTEM32\VERSION.dll
0x00007ffea6870000 - 0x00007ffea68a4000 	C:\WINDOWS\SYSTEM32\WINMM.dll
0x00007ffeb9a80000 - 0x00007ffeb9a93000 	C:\WINDOWS\SYSTEM32\UMPDC.dll
0x00007ffeb9cd0000 - 0x00007ffeb9ce8000 	C:\WINDOWS\SYSTEM32\kernel.appcore.dll
0x00007ffea6c60000 - 0x00007ffea6c6a000 	C:\Users\lucas\.gradle\jdks\eclipse_adoptium-17-amd64-windows\jdk-17.0.13+11\bin\jimage.dll
0x00007ffeb54f0000 - 0x00007ffeb5722000 	C:\WINDOWS\SYSTEM32\DBGHELP.DLL
0x00007ffebd3f0000 - 0x00007ffebd77d000 	C:\WINDOWS\System32\combase.dll
0x00007ffebc4a0000 - 0x00007ffebc577000 	C:\WINDOWS\System32\OLEAUT32.dll
0x00007ffea6650000 - 0x00007ffea6682000 	C:\WINDOWS\SYSTEM32\dbgcore.DLL
0x00007ffebb5e0000 - 0x00007ffebb65b000 	C:\WINDOWS\System32\bcryptPrimitives.dll
0x00007ffe8b220000 - 0x00007ffe8b245000 	C:\Users\lucas\.gradle\jdks\eclipse_adoptium-17-amd64-windows\jdk-17.0.13+11\bin\java.dll
0x00007ffe2a9f0000 - 0x00007ffe2aac7000 	C:\Users\lucas\.gradle\jdks\eclipse_adoptium-17-amd64-windows\jdk-17.0.13+11\bin\jsvml.dll
0x00007ffebc9a0000 - 0x00007ffebd208000 	C:\WINDOWS\System32\SHELL32.dll
0x00007ffeb8b60000 - 0x00007ffeb945e000 	C:\WINDOWS\SYSTEM32\windows.storage.dll
0x00007ffeb8a20000 - 0x00007ffeb8b5f000 	C:\WINDOWS\SYSTEM32\wintypes.dll
0x00007ffebb660000 - 0x00007ffebb759000 	C:\WINDOWS\System32\SHCORE.dll
0x00007ffebb760000 - 0x00007ffebb7be000 	C:\WINDOWS\System32\shlwapi.dll
0x00007ffebab80000 - 0x00007ffebaba1000 	C:\WINDOWS\SYSTEM32\profapi.dll
0x00007ffe8c450000 - 0x00007ffe8c469000 	C:\Users\lucas\.gradle\jdks\eclipse_adoptium-17-amd64-windows\jdk-17.0.13+11\bin\net.dll
0x00007ffeb3c90000 - 0x00007ffeb3dc6000 	C:\WINDOWS\SYSTEM32\WINHTTP.dll
0x00007ffeba1a0000 - 0x00007ffeba209000 	C:\WINDOWS\system32\mswsock.dll
0x00007ffe8b5b0000 - 0x00007ffe8b5c6000 	C:\Users\lucas\.gradle\jdks\eclipse_adoptium-17-amd64-windows\jdk-17.0.13+11\bin\nio.dll
0x00007ffe8b4f0000 - 0x00007ffe8b508000 	C:\Users\lucas\.gradle\jdks\eclipse_adoptium-17-amd64-windows\jdk-17.0.13+11\bin\zip.dll
0x00007ffea3ed0000 - 0x00007ffea3eda000 	C:\Users\lucas\.gradle\jdks\eclipse_adoptium-17-amd64-windows\jdk-17.0.13+11\bin\management.dll
0x00007ffea2180000 - 0x00007ffea218b000 	C:\Users\lucas\.gradle\jdks\eclipse_adoptium-17-amd64-windows\jdk-17.0.13+11\bin\management_ext.dll
0x00007ffebc410000 - 0x00007ffebc418000 	C:\WINDOWS\System32\PSAPI.DLL
0x00007ffe9bbb0000 - 0x00007ffe9bbc7000 	C:\WINDOWS\system32\napinsp.dll
0x00007ffe99df0000 - 0x00007ffe99e0b000 	C:\WINDOWS\system32\pnrpnsp.dll
0x00007ffeb97a0000 - 0x00007ffeb9898000 	C:\WINDOWS\SYSTEM32\DNSAPI.dll
0x00007ffeb9730000 - 0x00007ffeb975d000 	C:\WINDOWS\SYSTEM32\IPHLPAPI.DLL
0x00007ffebc400000 - 0x00007ffebc409000 	C:\WINDOWS\System32\NSI.dll
0x00007ffe99dd0000 - 0x00007ffe99de1000 	C:\WINDOWS\System32\winrnr.dll
0x00007ffe99db0000 - 0x00007ffe99dc5000 	C:\WINDOWS\system32\wshbth.dll
0x00007ffe99d10000 - 0x00007ffe99d37000 	C:\WINDOWS\system32\nlansp_c.dll
0x00007ffeb10a0000 - 0x00007ffeb10aa000 	C:\Windows\System32\rasadhlp.dll
0x00007ffeb1c00000 - 0x00007ffeb1c83000 	C:\WINDOWS\System32\fwpuclnt.dll
0x00007ffeba420000 - 0x00007ffeba43b000 	C:\WINDOWS\SYSTEM32\CRYPTSP.dll
0x00007ffeb9c90000 - 0x00007ffeb9cc5000 	C:\WINDOWS\system32\rsaenh.dll
0x00007ffeba270000 - 0x00007ffeba298000 	C:\WINDOWS\SYSTEM32\USERENV.dll
0x00007ffeba440000 - 0x00007ffeba44c000 	C:\WINDOWS\SYSTEM32\CRYPTBASE.dll
0x00007ffeb3c50000 - 0x00007ffeb3c69000 	C:\WINDOWS\SYSTEM32\dhcpcsvc6.DLL
0x00007ffeb3c30000 - 0x00007ffeb3c4f000 	C:\WINDOWS\SYSTEM32\dhcpcsvc.DLL
0x00007ffe92790000 - 0x00007ffe92799000 	C:\Users\lucas\.gradle\jdks\eclipse_adoptium-17-amd64-windows\jdk-17.0.13+11\bin\extnet.dll
0x00007ffe90e00000 - 0x00007ffe90e0e000 	C:\Users\lucas\.gradle\jdks\eclipse_adoptium-17-amd64-windows\jdk-17.0.13+11\bin\sunmscapi.dll
0x00007ffebac50000 - 0x00007ffebadb7000 	C:\WINDOWS\System32\CRYPT32.dll
0x00007ffeba600000 - 0x00007ffeba62e000 	C:\WINDOWS\SYSTEM32\ncrypt.dll
0x00007ffeba5c0000 - 0x00007ffeba5f7000 	C:\WINDOWS\SYSTEM32\NTASN1.dll
0x00007ffe8c4a0000 - 0x00007ffe8c4b0000 	C:\Users\lucas\.gradle\jdks\eclipse_adoptium-17-amd64-windows\jdk-17.0.13+11\bin\verify.dll

dbghelp: loaded successfully - version: 4.0.5 - missing functions: none
symbol engine: initialized successfully - sym options: 0x614 - pdb path: .;C:\Users\lucas\.gradle\jdks\eclipse_adoptium-17-amd64-windows\jdk-17.0.13+11\bin;C:\WINDOWS\SYSTEM32;C:\WINDOWS\WinSxS\amd64_microsoft.windows.common-controls_6595b64144ccf1df_6.0.22621.3672_none_2713b9d173822955;C:\Users\lucas\.gradle\jdks\eclipse_adoptium-17-amd64-windows\jdk-17.0.13+11\bin\server

VM Arguments:
jvm_args: -Dcom.sun.management.jmxremote -Dcom.sun.management.jmxremote.port=63492 -Dcom.sun.management.jmxremote.authenticate=false -Dcom.sun.management.jmxremote.ssl=false -Dspring.jmx.enabled=true -Djava.rmi.server.hostname=localhost -Dspring.application.admin.enabled=true -Dspring.boot.project.name=oxefood-api-lucas -XX:+ShowCodeDetailsInExceptionMessages 
java_command: br.com.ifpe.oxefood.OxefoodApiLucasApplication
java_class_path (initial): C:\Users\lucas\OneDrive\Documentos\projetoweb4\oxefood-api-lucas\target\classes;C:\Users\lucas\.m2\repository\org\apache\commons\commons-lang3\3.13.0\commons-lang3-3.13.0.jar;C:\Users\lucas\.m2\repository\org\springframework\boot\spring-boot-starter-data-jpa\3.2.11-SNAPSHOT\spring-boot-starter-data-jpa-3.2.11-SNAPSHOT.jar;C:\Users\lucas\.m2\repository\org\springframework\boot\spring-boot-starter-aop\3.2.11-SNAPSHOT\spring-boot-starter-aop-3.2.11-SNAPSHOT.jar;C:\Users\lucas\.m2\repository\org\springframework\spring-aop\6.1.14\spring-aop-6.1.14.jar;C:\Users\lucas\.m2\repository\org\aspectj\aspectjweaver\1.9.22.1\aspectjweaver-1.9.22.1.jar;C:\Users\lucas\.m2\repository\org\springframework\boot\spring-boot-starter-jdbc\3.2.11-SNAPSHOT\spring-boot-starter-jdbc-3.2.11-SNAPSHOT.jar;C:\Users\lucas\.m2\repository\com\zaxxer\HikariCP\5.0.1\HikariCP-5.0.1.jar;C:\Users\lucas\.m2\repository\org\springframework\spring-jdbc\6.1.14\spring-jdbc-6.1.14.jar;C:\Users\lucas\.m2\repository\org\hibernate\orm\hibernate-core\6.4.10.Final\hibernate-core-6.4.10.Final.jar;C:\Users\lucas\.m2\repository\jakarta\persistence\jakarta.persistence-api\3.1.0\jakarta.persistence-api-3.1.0.jar;C:\Users\lucas\.m2\repository\jakarta\transaction\jakarta.transaction-api\2.0.1\jakarta.transaction-api-2.0.1.jar;C:\Users\lucas\.m2\repository\org\jboss\logging\jboss-logging\3.5.3.Final\jboss-logging-3.5.3.Final.jar;C:\Users\lucas\.m2\repository\org\hibernate\common\hibernate-commons-annotations\6.0.6.Final\hibernate-commons-annotations-6.0.6.Final.jar;C:\Users\lucas\.m2\repository\io\smallrye\jandex\3.1.2\jandex-3.1.2.jar;C:\Users\lucas\.m2\repository\com\fasterxml\classmate\1.6.0\classmate-1.6.0.jar;C:\Users\lucas\.m2\repository\net\bytebuddy\byte-buddy\1.14.19\byte-buddy-1.14.19.jar;C:\Users\lucas\.m2\repository\org\glassfish\jaxb\jaxb-runtime\4.0.5\jaxb-runtime-4.0.5.jar;C:\Users\lucas\.m2\repository\org\glassfish\jaxb\jaxb-core\4.0.5\jaxb-core-4.0.5.jar;C:\Users\lucas\.m2\reposi
Launcher Type: SUN_STANDARD

[Global flags]
     intx CICompilerCount                          = 4                                         {product} {ergonomic}
     uint ConcGCThreads                            = 2                                         {product} {ergonomic}
     uint G1ConcRefinementThreads                  = 8                                         {product} {ergonomic}
   size_t G1HeapRegionSize                         = 1048576                                   {product} {ergonomic}
    uintx GCDrainStackTargetSize                   = 64                                        {product} {ergonomic}
   size_t InitialHeapSize                          = 132120576                                 {product} {ergonomic}
     bool ManagementServer                         = true                                      {product} {command line}
   size_t MarkStackSize                            = 4194304                                   {product} {ergonomic}
   size_t MaxHeapSize                              = 2101346304                                {product} {ergonomic}
   size_t MaxNewSize                               = 1260388352                                {product} {ergonomic}
   size_t MinHeapDeltaBytes                        = 1048576                                   {product} {ergonomic}
   size_t MinHeapSize                              = 8388608                                   {product} {ergonomic}
    uintx NonNMethodCodeHeapSize                   = 5839372                                {pd product} {ergonomic}
    uintx NonProfiledCodeHeapSize                  = 122909434                              {pd product} {ergonomic}
    uintx ProfiledCodeHeapSize                     = 122909434                              {pd product} {ergonomic}
    uintx ReservedCodeCacheSize                    = 251658240                              {pd product} {ergonomic}
     bool SegmentedCodeCache                       = true                                      {product} {ergonomic}
     bool ShowCodeDetailsInExceptionMessages       = true                                   {manageable} {command line}
   size_t SoftMaxHeapSize                          = 2101346304                             {manageable} {ergonomic}
     bool UseCompressedClassPointers               = true                           {product lp64_product} {ergonomic}
     bool UseCompressedOops                        = true                           {product lp64_product} {ergonomic}
     bool UseG1GC                                  = true                                      {product} {ergonomic}
     bool UseLargePagesIndividualAllocation        = false                                  {pd product} {ergonomic}

Logging:
Log output configuration:
 #0: stdout all=warning uptime,level,tags
 #1: stderr all=off uptime,level,tags

Environment Variables:
PATH=C:\Python312\Scripts\;C:\Python312\;C:\Program Files\Common Files\Oracle\Java\javapath;C:\Windows\system32;C:\Windows;C:\Windows\System32\Wbem;C:\Windows\System32\WindowsPowerShell\v1.0\;C:\Windows\System32\OpenSSH\;C:\Program Files (x86)\NVIDIA Corporation\PhysX\Common;C:\Program Files\NVIDIA Corporation\NVIDIA NvDLISR;C:\Users\lucas\AppData\Roaming\nvm;C:\Program Files\nodejs;C:\ProgramData\chocolatey\bin;C:\Program Files (x86)\Yarn\bin\;C:\Program Files\Git\cmd;C:\WINDOWS\system32;C:\WINDOWS;C:\WINDOWS\System32\Wbem;C:\WINDOWS\System32\WindowsPowerShell\v1.0\;C:\WINDOWS\System32\OpenSSH\;C:\Program Files\nodejs\;C:\Program Files\Docker\Docker\resources\bin;C:\Users\lucas\AppData\Local\Microsoft\WindowsApps;C:\Users\lucas\AppData\Local\Programs\Microsoft VS Code\bin;C:\Users\lucas\AppData\Roaming\nvm;C:\Program Files\nodejs;C:\Users\lucas\AppData\Local\Yarn\bin;C:\Users\lucas\AppData\Local\GitHubDesktop\bin;C:\Users\lucas\AppData\Roaming\npm
USERNAME=lucas
LANG=en_US.UTF-8
OS=Windows_NT
PROCESSOR_IDENTIFIER=Intel64 Family 6 Model 142 Stepping 12, GenuineIntel
TMP=C:\Users\lucas\AppData\Local\Temp
TEMP=C:\Users\lucas\AppData\Local\Temp



Periodic native trim disabled


---------------  S Y S T E M  ---------------

OS:
 Windows 11 , 64 bit Build 22621 (10.0.22621.3958)
OS uptime: 0 days 4:55 hours
Hyper-V role detected

CPU: total 8 (initial active 8) (4 cores per cpu, 2 threads per core) family 6 model 142 stepping 12 microcode 0xde, cx8, cmov, fxsr, ht, mmx, 3dnowpref, sse, sse2, sse3, ssse3, sse4.1, sse4.2, popcnt, lzcnt, tsc, tscinvbit, avx, avx2, aes, erms, clmul, bmi1, bmi2, adx, fma, vzeroupper, clflush, clflushopt, hv
Processor Information for all 8 processors :
  Max Mhz: 2112, Current Mhz: 1609, Mhz Limit: 1605

Memory: 4k page, system-wide physical 8013M (51M free)
TotalPageFile size 32589M (AvailPageFile size 2M)
current process WorkingSet (physical memory assigned to process): 176M, peak: 189M
current process commit charge ("private bytes"): 240M, peak: 261M

vm_info: OpenJDK 64-Bit Server VM (17.0.13+11) for windows-amd64 JRE (17.0.13+11), built on Oct 16 2024 00:10:08 by "admin" with MS VC++ 17.7 (VS2022)

END.
